2025-04-03 11:30:27,255 - ERROR - E-Mail Fehler: [WinError 10060] Ein Verbindungsversuch ist fehlgeschlagen, da die Gegenstelle nach einer bestimmten Zeitspanne nicht richtig reagiert hat, oder die hergestellte Verbindung war fehlerhaft, da der verbundene Host nicht reagiert hat
2025-04-03 11:35:54,118 - ERROR - E-Mail Fehler: [WinError 10060] Ein Verbindungsversuch ist fehlgeschlagen, da die Gegenstelle nach einer bestimmten Zeitspanne nicht richtig reagiert hat, oder die hergestellte Verbindung war fehlerhaft, da der verbundene Host nicht reagiert hat
2025-04-03 11:37:58,235 - ERROR - E-Mail Fehler: [SSL: WRONG_VERSION_NUMBER] wrong version number (_ssl.c:1010)
2025-04-03 11:42:06,934 - ERROR - E-Mail Fehler: (535, b'5.7.8 Username and Password not accepted. For more information, go to\n5.7.8  https://support.google.com/mail/?p=BadCredentials 4fb4d7f45d1cf-5f087714d0dsm690187a12.16 - gsmtp')
2025-04-03 11:44:23,622 - ERROR - E-Mail Fehler: (535, b'5.7.8 Username and Password not accepted. For more information, go to\n5.7.8  https://support.google.com/mail/?p=BadCredentials a640c23a62f3a-ac7c013f80dsm64806066b.119 - gsmtp')
2025-04-03 11:45:44,685 - ERROR - E-Mail Fehler: (535, b'5.7.8 Username and Password not accepted. For more information, go to\n5.7.8  https://support.google.com/mail/?p=BadCredentials a640c23a62f3a-ac7c013f34dsm64776466b.87 - gsmtp')
2025-04-03 11:51:34,201 - ERROR - E-Mail Fehler: (535, b'5.7.8 Username and Password not accepted. For more information, go to\n5.7.8  https://support.google.com/mail/?p=BadCredentials 4fb4d7f45d1cf-5f0880a535fsm699801a12.80 - gsmtp')
2025-04-03 11:59:53,235 - ERROR - E-Mail Fehler: (535, b'5.7.8 Username and Password not accepted. For more information, go to\n5.7.8  https://support.google.com/mail/?p=BadCredentials a640c23a62f3a-ac7bfee2591sm66743966b.79 - gsmtp')
2025-04-03 12:00:29,428 - ERROR - E-Mail Fehler: (535, b'Authentication credentials invalid')
2025-04-03 12:04:40,548 - ERROR - E-Mail Fehler: (535, b'Authentication credentials invalid')
2025-04-03 12:06:45,046 - ERROR - E-Mail Fehler: (535, b'Authentication credentials invalid')
2025-04-03 12:09:19,789 - INFO - E-Mail gesendet: Warnung: Festplatte >61%
2025-04-03 12:13:00,763 - INFO - E-Mail gesendet: Warnung: Festplatte >61%
2025-04-03 12:13:56,923 - INFO - E-Mail gesendet: Warnung: Festplatte >61%
2025-04-03 12:16:30,231 - ERROR - E-Mail Fehler: 'list' object has no attribute 'encode'
2025-04-03 12:18:03,572 - ERROR - E-Mail Fehler: (535, b'Authentication credentials invalid')
2025-04-03 12:19:05,882 - INFO - E-Mail gesendet: Warnung: Festplatte >61%
2025-04-03 12:20:52,483 - INFO - E-Mail gesendet: Warnung: Festplatte >61%
2025-04-03 12:30:57,866 - INFO - E-Mail gesendet: Warnung: RAM >50%
2025-04-03 12:30:59,265 - INFO - E-Mail gesendet: Warnung: Festplatte >61%
2025-04-03 13:25:29,750 - ERROR - E-Mail Fehler: [WinError 10060] Ein Verbindungsversuch ist fehlgeschlagen, da die Gegenstelle nach einer bestimmten Zeitspanne nicht richtig reagiert hat, oder die hergestellte Verbindung war fehlerhaft, da der verbundene Host nicht reagiert hat
2025-04-03 15:10:45,205 - ERROR - E-Mail Fehler: [WinError 10060] Ein Verbindungsversuch ist fehlgeschlagen, da die Gegenstelle nach einer bestimmten Zeitspanne nicht richtig reagiert hat, oder die hergestellte Verbindung war fehlerhaft, da der verbundene Host nicht reagiert hat
2025-04-07 10:06:36,036 - ERROR - E-Mail Fehler: [WinError 10060] Ein Verbindungsversuch ist fehlgeschlagen, da die Gegenstelle nach einer bestimmten Zeitspanne nicht richtig reagiert hat, oder die hergestellte Verbindung war fehlerhaft, da der verbundene Host nicht reagiert hat
2025-04-07 10:07:18,120 - ERROR - E-Mail Fehler: [WinError 10060] Ein Verbindungsversuch ist fehlgeschlagen, da die Gegenstelle nach einer bestimmten Zeitspanne nicht richtig reagiert hat, oder die hergestellte Verbindung war fehlerhaft, da der verbundene Host nicht reagiert hat
2025-04-07 10:09:31,973 - INFO - E-Mail gesendet: Warnung: Festplatte >61%
2025-04-07 11:18:47,973 - ERROR - E-Mail Fehler: [WinError 10060] Ein Verbindungsversuch ist fehlgeschlagen, da die Gegenstelle nach einer bestimmten Zeitspanne nicht richtig reagiert hat, oder die hergestellte Verbindung war fehlerhaft, da der verbundene Host nicht reagiert hat
2025-04-07 12:07:15,883 - INFO - E-Mail gesendet: Warnung: Festplatte >61%
2025-04-07 12:12:52,199 - INFO - E-Mail gesendet: Warnung: Festplatte >61%
2025-04-08 12:18:16,553 - INFO - E-Mail gesendet: Warnung: Festplatte >61%
2025-04-08 12:18:59,448 - INFO - E-Mail gesendet: Warnung: Festplatte >61%
2025-04-09 11:10:07,452 - INFO - E-Mail gesendet: Warnung: Festplatte >61%
2025-04-09 11:22:54,152 - INFO - E-Mail gesendet: Warnung: Festplatte >61%
2025-04-09 11:23:09,021 - INFO - E-Mail gesendet: Warnung: Festplatte >61%
2025-04-09 11:24:26,644 - INFO - E-Mail gesendet: Warnung: Festplatte >61%
2025-04-09 11:31:05,761 - INFO - E-Mail gesendet: Warnung: Festplatte >61%
2025-04-09 11:32:11,474 - INFO - E-Mail gesendet: Warnung: Festplatte >61%
2025-04-09 11:48:00,457 - INFO - E-Mail gesendet: Warnung: Festplatte >61%
2025-04-09 11:48:30,978 - INFO - E-Mail gesendet: Warnung: Festplatte >61%
2025-04-09 12:07:38,294 - INFO - E-Mail gesendet: Warnung: Festplatte >61%
2025-04-09 12:07:51,869 - INFO - E-Mail gesendet: Warnung: Festplatte >61%
2025-04-09 12:08:17,300 - INFO - E-Mail gesendet: Warnung: Festplatte >61%
2025-04-09 12:08:48,132 - INFO - E-Mail gesendet: Warnung: Festplatte >61%
2025-04-09 12:25:31,279 - INFO - E-Mail gesendet: Warnung: Festplatte >61%
2025-04-09 12:25:55,753 - INFO - E-Mail gesendet: Warnung: Festplatte >61%
2025-04-09 12:41:55,598 - INFO - E-Mail gesendet: Warnung: Festplatte >61%
2025-04-09 12:44:43,973 - INFO - E-Mail gesendet: Warnung: Festplatte >61%
2025-04-09 12:44:51,457 - INFO - E-Mail gesendet: Warnung: Festplatte >61%
2025-04-09 12:44:57,602 - INFO - E-Mail gesendet: Warnung: Festplatte >61%
2025-04-09 12:45:01,724 - INFO - E-Mail gesendet: Warnung: Festplatte >61%
2025-04-09 12:45:03,790 - INFO - E-Mail gesendet: Warnung: Festplatte >61%
2025-04-09 12:45:05,894 - INFO - E-Mail gesendet: Warnung: Festplatte >61%
2025-04-09 12:45:07,175 - INFO - E-Mail gesendet: Warnung: Festplatte >61%
2025-04-09 12:45:09,446 - INFO - E-Mail gesendet: Warnung: Festplatte >61%
2025-04-09 12:45:15,032 - INFO - E-Mail gesendet: Warnung: Festplatte >61%
2025-04-09 12:52:20,183 - INFO - E-Mail gesendet: Warnung: Festplatte >61%
2025-04-09 12:52:23,831 - INFO - E-Mail gesendet: Warnung: Festplatte >61%
2025-04-09 12:52:27,879 - INFO - E-Mail gesendet: Warnung: Festplatte >61%
2025-04-09 12:52:32,719 - INFO - E-Mail gesendet: Warnung: Festplatte >61%
2025-04-09 12:52:37,787 - ERROR - E-Mail Fehler: {'lf8gruppe3@gmail.com': (450, b'Requested mail action not taken: mailbox unavailable\nFailure sending mail. Try again later\n1MMobO-1tjhho0u1c-00UckK')}
2025-04-09 12:52:42,182 - ERROR - E-Mail Fehler: {'lf8gruppe3@gmail.com': (450, b'Requested mail action not taken: mailbox unavailable\nFailure sending mail. Try again later\n1MtOGa-1tCIxq2Y5W-011C7G')}
2025-04-09 12:52:50,128 - ERROR - E-Mail Fehler: {'lf8gruppe3@gmail.com': (450, b'Requested mail action not taken: mailbox unavailable\nFailure sending mail. Try again later\n1M1Ycr-1u4Ozb2KJn-00Arod')}
2025-04-09 12:52:53,445 - ERROR - E-Mail Fehler: {'lf8gruppe3@gmail.com': (450, b'Requested mail action not taken: mailbox unavailable\nFailure sending mail. Try again later\n1MUGi9-1tblGS3f3T-00Jvuj')}
2025-04-09 12:53:01,728 - ERROR - E-Mail Fehler: {'lf8gruppe3@gmail.com': (450, b'Requested mail action not taken: mailbox unavailable\nFailure sending mail. Try again later\n1MhlKs-1tOzRE0eC8-00phDU')}
2025-04-09 12:53:06,941 - ERROR - E-Mail Fehler: {'lf8gruppe3@gmail.com': (450, b'Requested mail action not taken: mailbox unavailable\nFailure sending mail. Try again later\n1Mlw3N-1tKMsM1Y4h-00dNPf')}
2025-04-09 12:53:18,746 - ERROR - E-Mail Fehler: {'lf8gruppe3@gmail.com': (450, b'Requested mail action not taken: mailbox unavailable\nFailure sending mail. Try again later\n1Mlw7V-1tKMsY0iSh-00bbGR')}
2025-04-09 12:53:27,258 - ERROR - E-Mail Fehler: {'lf8gruppe3@gmail.com': (450, b'Requested mail action not taken: mailbox unavailable\nFailure sending mail. Try again later\n1MMXQ5-1tjQlm2s6B-00TeEs')}
2025-04-09 12:53:30,832 - ERROR - E-Mail Fehler: {'lf8gruppe3@gmail.com': (450, b'Requested mail action not taken: mailbox unavailable\nFailure sending mail. Try again later\n1MN5iZ-1tjyjk14kP-00ULUH')}
2025-04-09 12:54:14,452 - ERROR - E-Mail Fehler: {'lf8gruppe3@gmail.com': (450, b'Requested mail action not taken: mailbox unavailable\nFailure sending mail. Try again later\n1M59GA-1u1N8i3glI-00B9dm')}
2025-04-09 12:54:30,852 - ERROR - E-Mail Fehler: {'lf8gruppe3@gmail.com': (450, b'Requested mail action not taken: mailbox unavailable\nFailure sending mail. Try again later\n1M5fMe-1tziBz13s2-00Ezvf')}
2025-04-09 12:59:07,916 - ERROR - E-Mail Fehler: {'lf8gruppe3@gmail.com': (450, b'Requested mail action not taken: mailbox unavailable\nFailure sending mail. Try again later\n1N0X8o-1t6EBi1SYm-018KnN')}
2025-04-09 13:00:44,284 - ERROR - E-Mail Fehler: {'lf8gruppe3@gmail.com': (450, b'Requested mail action not taken: mailbox unavailable\nFailure sending mail. Try again later\n1MhU9Z-1tOiMr30F9-00okJk')}
2025-04-09 13:00:52,407 - ERROR - E-Mail Fehler: {'lf8gruppe3@gmail.com': (450, b'Requested mail action not taken: mailbox unavailable\nFailure sending mail. Try again later\n1MGhuK-1tojei3VS6-006v4f')}
2025-04-09 13:00:59,476 - ERROR - E-Mail Fehler: {'lf8gruppe3@gmail.com': (450, b'Requested mail action not taken: mailbox unavailable\nFailure sending mail. Try again later\n1MNKhs-1ti2c73o6s-00V8x0')}
2025-04-09 13:01:08,508 - ERROR - E-Mail Fehler: {'lf8gruppe3@gmail.com': (450, b'Requested mail action not taken: mailbox unavailable\nFailure sending mail. Try again later\n1M8ykW-1twPAK3wkY-00G5g8')}
2025-04-09 13:01:12,163 - ERROR - E-Mail Fehler: {'lf8gruppe3@gmail.com': (450, b'Requested mail action not taken: mailbox unavailable\nFailure sending mail. Try again later\n1MkYc0-1tLCnY2UcI-00ZoVZ')}
2025-04-09 13:01:16,636 - ERROR - E-Mail Fehler: {'lf8gruppe3@gmail.com': (450, b'Requested mail action not taken: mailbox unavailable\nFailure sending mail. Try again later\n1MOREi-1tgwgH0ICk-00VZ8y')}
2025-04-09 13:01:20,351 - ERROR - E-Mail Fehler: {'lf8gruppe3@gmail.com': (450, b'Requested mail action not taken: mailbox unavailable\nFailure sending mail. Try again later\n1MA7Ka-1tvMQe3Hb8-001qxE')}
2025-04-09 13:02:14,017 - ERROR - E-Mail Fehler: {'lf8gruppe3@gmail.com': (450, b'Requested mail action not taken: mailbox unavailable\nFailure sending mail. Try again later\n1M5fMe-1tzi2Q1sgU-00Ezmy')}
2025-04-09 13:05:31,078 - ERROR - E-Mail Fehler: {'lf8gruppe3@gmail.com': (450, b'Requested mail action not taken: mailbox unavailable\nFailure sending mail. Try again later\n1MUXtS-1tc2OX29Ls-00LA26')}
2025-04-09 13:05:34,691 - ERROR - E-Mail Fehler: {'lf8gruppe3@gmail.com': (450, b'Requested mail action not taken: mailbox unavailable\nFailure sending mail. Try again later\n1Ma24s-1tWW530WCC-00ORNL')}
2025-04-09 13:05:37,564 - ERROR - E-Mail Fehler: {'lf8gruppe3@gmail.com': (450, b'Requested mail action not taken: mailbox unavailable\nFailure sending mail. Try again later\n1MwfWa-1t8zEz4BS6-014USa')}
2025-04-09 13:05:40,820 - ERROR - E-Mail Fehler: {'lf8gruppe3@gmail.com': (450, b'Requested mail action not taken: mailbox unavailable\nFailure sending mail. Try again later\n1MpUUw-1tHKfv117E-00fhR8')}
2025-04-09 13:05:44,904 - ERROR - E-Mail Fehler: {'lf8gruppe3@gmail.com': (450, b'Requested mail action not taken: mailbox unavailable\nFailure sending mail. Try again later\n1MZCb5-1tXtig1Pnt-00PonU')}
2025-04-09 13:05:47,888 - ERROR - E-Mail Fehler: {'lf8gruppe3@gmail.com': (450, b'Requested mail action not taken: mailbox unavailable\nFailure sending mail. Try again later\n1MowKi-1tGmhw1LMU-00eBzo')}
2025-04-09 13:05:53,974 - ERROR - E-Mail Fehler: {'lf8gruppe3@gmail.com': (450, b'Requested mail action not taken: mailbox unavailable\nFailure sending mail. Try again later\n1MPGW7-1thlbZ1hiH-00WWQO')}
2025-04-09 13:05:58,211 - ERROR - E-Mail Fehler: {'lf8gruppe3@gmail.com': (450, b'Requested mail action not taken: mailbox unavailable\nFailure sending mail. Try again later\n1Mof5H-1tIiFR2hwH-00f1tW')}
2025-04-09 13:06:02,010 - ERROR - E-Mail Fehler: {'lf8gruppe3@gmail.com': (450, b'Requested mail action not taken: mailbox unavailable\nFailure sending mail. Try again later\n1MTABZ-1tcs471rJ9-00Ih4B')}
2025-04-09 13:06:21,010 - ERROR - E-Mail Fehler: {'lf8gruppe3@gmail.com': (450, b'Requested mail action not taken: mailbox unavailable\nFailure sending mail. Try again later\n1M5fIW-1tziN71rkg-00DTi7')}
2025-04-09 13:07:46,750 - ERROR - E-Mail Fehler: {'lf8gruppe3@gmail.com': (450, b'Requested mail action not taken: mailbox unavailable\nFailure sending mail. Try again later\n1Mf0BM-1tQehH0lFy-00o3qG')}
2025-04-09 13:08:57,048 - ERROR - E-Mail Fehler: {'lf8gruppe3@gmail.com': (450, b'Requested mail action not taken: mailbox unavailable\nFailure sending mail. Try again later\n1MsHns-1tDP9J20vC-0106J3')}
2025-04-09 13:09:01,222 - ERROR - E-Mail Fehler: {'lf8gruppe3@gmail.com': (450, b'Requested mail action not taken: mailbox unavailable\nFailure sending mail. Try again later\n1M8hV5-1tyKRG2lE1-00Gudp')}
2025-04-09 13:09:04,166 - ERROR - E-Mail Fehler: {'lf8gruppe3@gmail.com': (450, b'Requested mail action not taken: mailbox unavailable\nFailure sending mail. Try again later\n1MMobO-1tjhQg2WO4-00UcQw')}
2025-04-09 13:09:08,437 - ERROR - E-Mail Fehler: {'lf8gruppe3@gmail.com': (450, b'Requested mail action not taken: mailbox unavailable\nFailure sending mail. Try again later\n1N0FxV-1t5wtZ3ekh-01760Q')}
2025-04-09 13:09:11,431 - ERROR - E-Mail Fehler: {'lf8gruppe3@gmail.com': (450, b'Requested mail action not taken: mailbox unavailable\nFailure sending mail. Try again later\n1Mw9Q6-1tAdjF3dDQ-013xRR')}
2025-04-09 13:09:14,364 - ERROR - E-Mail Fehler: {'lf8gruppe3@gmail.com': (450, b'Requested mail action not taken: mailbox unavailable\nFailure sending mail. Try again later\n1MWzk3-1ta6WP3MHR-00MeZV')}
2025-04-09 13:09:19,492 - ERROR - E-Mail Fehler: {'lf8gruppe3@gmail.com': (450, b'Requested mail action not taken: mailbox unavailable\nFailure sending mail. Try again later\n1N7R1T-1szwMC3tgD-00x5Ru')}
2025-04-09 13:09:43,338 - ERROR - E-Mail Fehler: {'lf8gruppe3@gmail.com': (450, b'Requested mail action not taken: mailbox unavailable\nFailure sending mail. Try again later\n1M1poA-1u4gEn3EvQ-009e02')}
2025-04-09 13:12:12,492 - INFO - E-Mail gesendet: Warnung: Festplatte >61%
2025-04-09 13:12:16,450 - INFO - E-Mail gesendet: Warnung: Festplatte >61%
2025-04-09 13:12:22,385 - INFO - E-Mail gesendet: Warnung: Festplatte >61%
2025-04-09 13:12:26,111 - INFO - E-Mail gesendet: Warnung: Festplatte >61%
2025-04-09 13:12:29,830 - ERROR - E-Mail Fehler: {'lf8gruppe3@gmail.com': (450, b'Requested mail action not taken: mailbox unavailable\nFailure sending mail. Try again later\n1MF3HU-1trV0014oK-00DDCq')}
2025-04-09 13:16:18,045 - ERROR - E-Mail Fehler: {'lf8gruppe3@gmail.com': (450, b'Requested mail action not taken: mailbox unavailable\nFailure sending mail. Try again later\n1MfYPY-1tRCnI1yye-00dmig')}
2025-04-09 13:16:21,319 - ERROR - E-Mail Fehler: {'lf8gruppe3@gmail.com': (450, b'Requested mail action not taken: mailbox unavailable\nFailure sending mail. Try again later\n1N79u8-1szfX52ywG-017MSK')}
2025-04-09 13:16:24,088 - ERROR - E-Mail Fehler: {'lf8gruppe3@gmail.com': (450, b'Requested mail action not taken: mailbox unavailable\nFailure sending mail. Try again later\n1MacSY-1tV4PM29Qg-00ZwIc')}
2025-04-09 13:16:27,116 - ERROR - E-Mail Fehler: {'lf8gruppe3@gmail.com': (450, b'Requested mail action not taken: mailbox unavailable\nFailure sending mail. Try again later\n1MhlKy-1tOzs12HDs-00fyI5')}
2025-04-09 13:16:30,717 - ERROR - E-Mail Fehler: {'lf8gruppe3@gmail.com': (450, b'Requested mail action not taken: mailbox unavailable\nFailure sending mail. Try again later\n1MCKFu-1tt9lH0Tdy-00BZev')}
2025-04-09 13:18:32,116 - ERROR - E-Mail Fehler: {'lf8gruppe3@gmail.com': (450, b'Requested mail action not taken: mailbox unavailable\nFailure sending mail. Try again later\n1MryXN-1tFOvj2HQr-00ntg7')}
2025-04-09 13:18:35,331 - ERROR - E-Mail Fehler: {'lf8gruppe3@gmail.com': (450, b'Requested mail action not taken: mailbox unavailable\nFailure sending mail. Try again later\n1N33Ib-1t4MK43CWL-013DN7')}
2025-04-09 13:18:45,241 - ERROR - E-Mail Fehler: {'lf8gruppe3@gmail.com': (450, b'Requested mail action not taken: mailbox unavailable\nFailure sending mail. Try again later\n1MfYPY-1tRCl12ovI-00dmcq')}
2025-04-09 13:20:45,797 - ERROR - E-Mail Fehler: {'lf8gruppe3@gmail.com': (450, b'Requested mail action not taken: mailbox unavailable\nFailure sending mail. Try again later\n1Mn2WF-1tJHZr0wNj-00mHH3')}
2025-04-09 13:21:03,952 - ERROR - E-Mail Fehler: {'lf8gruppe3@gmail.com': (450, b'Requested mail action not taken: mailbox unavailable\nFailure sending mail. Try again later\n1MHXBp-1tpZKJ1bVZ-00FgPj')}
2025-04-09 13:21:06,798 - ERROR - E-Mail Fehler: {'lf8gruppe3@gmail.com': (450, b'Requested mail action not taken: mailbox unavailable\nFailure sending mail. Try again later\n1N9dwj-1sxkJQ0x8P-015QcG')}
2025-04-09 13:21:09,787 - ERROR - E-Mail Fehler: {'lf8gruppe3@gmail.com': (450, b'Requested mail action not taken: mailbox unavailable\nFailure sending mail. Try again later\n1MTiPl-1tdPib0ryH-00RrXX')}
2025-04-09 13:21:13,061 - ERROR - E-Mail Fehler: {'lf8gruppe3@gmail.com': (450, b'Requested mail action not taken: mailbox unavailable\nFailure sending mail. Try again later\n1N2E1G-1t3Ww524C6-011TyC')}
2025-04-09 13:21:16,416 - ERROR - E-Mail Fehler: {'lf8gruppe3@gmail.com': (450, b'Requested mail action not taken: mailbox unavailable\nFailure sending mail. Try again later\n1N9MpY-1sxTCQ3Y28-0159aH')}
2025-04-09 13:25:38,618 - INFO - E-Mail gesendet: Warnung: Festplatte >61%
2025-04-09 13:25:41,910 - INFO - E-Mail gesendet: Warnung: Festplatte >61%
2025-04-09 13:25:45,599 - ERROR - E-Mail Fehler: {'lf8gruppe3@gmail.com': (450, b'Requested mail action not taken: mailbox unavailable\nFailure sending mail. Try again later\n1Mg6dy-1tPXyI08EQ-00fQbP')}
2025-04-09 13:25:48,550 - ERROR - E-Mail Fehler: {'lf8gruppe3@gmail.com': (450, b'Requested mail action not taken: mailbox unavailable\nFailure sending mail. Try again later\n1M4Jqb-1u2kXr47Kj-000U6Q')}
2025-04-09 13:25:51,722 - ERROR - E-Mail Fehler: {'lf8gruppe3@gmail.com': (450, b'Requested mail action not taken: mailbox unavailable\nFailure sending mail. Try again later\n1MuUjC-1tBCWK0ePK-00rLh2')}
2025-04-09 13:25:57,564 - ERROR - E-Mail Fehler: {'lf8gruppe3@gmail.com': (450, b'Requested mail action not taken: mailbox unavailable\nFailure sending mail. Try again later\n1MI5UN-1tnvNs4A4t-00FO8k')}
2025-04-09 13:26:02,328 - ERROR - E-Mail Fehler: {'lf8gruppe3@gmail.com': (450, b'Requested mail action not taken: mailbox unavailable\nFailure sending mail. Try again later\n1MLiCu-1tko9o3B8y-00JvXV')}
2025-04-09 13:33:26,599 - ERROR - E-Mail Fehler: {'lf8gruppe3@gmail.com': (450, b'Requested mail action not taken: mailbox unavailable\nFailure sending mail. Try again later\n1MeU0q-1tSK3707cq-00aND4')}
2025-04-09 13:33:31,052 - ERROR - E-Mail Fehler: {'lf8gruppe3@gmail.com': (450, b'Requested mail action not taken: mailbox unavailable\nFailure sending mail. Try again later\n1MvbG2-1tA6Rj227S-00uuRf')}
2025-04-09 13:33:35,472 - ERROR - E-Mail Fehler: {'lf8gruppe3@gmail.com': (450, b'Requested mail action not taken: mailbox unavailable\nFailure sending mail. Try again later\n1MrQJ5-1tErX83nOx-00oRZt')}
2025-04-09 13:36:28,594 - ERROR - E-Mail Fehler: {'lf8gruppe3@gmail.com': (450, b'Requested mail action not taken: mailbox unavailable\nFailure sending mail. Try again later\n1N9dwj-1sxkLO07Bl-015QUR')}
2025-04-09 13:36:32,027 - ERROR - E-Mail Fehler: {'lf8gruppe3@gmail.com': (450, b'Requested mail action not taken: mailbox unavailable\nFailure sending mail. Try again later\n1MQ5vc-1tgOVC1wEC-00OJCW')}
2025-04-09 13:36:35,127 - ERROR - E-Mail Fehler: {'lf8gruppe3@gmail.com': (450, b'Requested mail action not taken: mailbox unavailable\nFailure sending mail. Try again later\n1N9dsb-1sxkKy2MB3-017mMP')}
2025-04-09 13:36:38,735 - ERROR - E-Mail Fehler: {'lf8gruppe3@gmail.com': (450, b'Requested mail action not taken: mailbox unavailable\nFailure sending mail. Try again later\n1M6lpG-1tybaV0iA2-0065w4')}
2025-04-09 13:40:10,605 - INFO - E-Mail gesendet: Warnung: Festplatte >61%
2025-04-09 13:40:14,048 - INFO - E-Mail gesendet: Warnung: Festplatte >61%
2025-04-09 13:40:17,547 - INFO - E-Mail gesendet: Warnung: Festplatte >61%
2025-04-09 13:40:20,612 - INFO - E-Mail gesendet: Warnung: Festplatte >61%
2025-04-09 13:40:24,101 - INFO - E-Mail gesendet: Warnung: Festplatte >61%
2025-04-09 13:40:27,144 - INFO - E-Mail gesendet: Warnung: Festplatte >61%
2025-04-09 13:41:50,798 - INFO - E-Mail gesendet: Warnung: Festplatte >61%
2025-04-09 13:42:03,800 - INFO - E-Mail gesendet: Warnung: Festplatte >61%
2025-04-09 13:42:06,072 - INFO - E-Mail gesendet: Warnung: Festplatte >61%
2025-04-09 13:42:09,851 - INFO - E-Mail gesendet: Warnung: Festplatte >61%
2025-04-09 13:42:11,112 - ERROR - E-Mail Fehler: {'lf8gruppe3@gmail.com': (450, b'Requested mail action not taken: mailbox unavailable\nFailure sending mail. Try again later\n1MC30P-1tv4m42I85-00ACF2')}
2025-04-09 13:42:36,409 - ERROR - E-Mail Fehler: {'lf8gruppe3@gmail.com': (450, b'Requested mail action not taken: mailbox unavailable\nFailure sending mail. Try again later\n1MYNJq-1tX5CK3YSw-00VXmZ')}
2025-04-09 13:42:39,315 - ERROR - E-Mail Fehler: {'lf8gruppe3@gmail.com': (450, b'Requested mail action not taken: mailbox unavailable\nFailure sending mail. Try again later\n1N6bfq-1sz6tH39CA-017uSE')}
2025-04-09 13:42:42,507 - ERROR - E-Mail Fehler: {'lf8gruppe3@gmail.com': (450, b'Requested mail action not taken: mailbox unavailable\nFailure sending mail. Try again later\n1MfpSb-1tRT7B3x3B-00gAg9')}
2025-04-09 13:42:45,640 - ERROR - E-Mail Fehler: {'lf8gruppe3@gmail.com': (450, b'Requested mail action not taken: mailbox unavailable\nFailure sending mail. Try again later\n1M7K3Y-1tz9NA0Gei-005XkJ')}
2025-04-09 13:42:52,140 - ERROR - E-Mail Fehler: {'lf8gruppe3@gmail.com': (450, b'Requested mail action not taken: mailbox unavailable\nFailure sending mail. Try again later\n1N7QxB-1szvpn2Myj-015a2h')}
2025-04-09 14:17:27,178 - INFO - E-Mail gesendet: ALARM: Festplatte >80%
2025-04-09 14:18:13,136 - INFO - E-Mail gesendet: ALARM: Festplatte >80%
